{"level":"info","message":"⌛ Building environment","timeElapsed":807,"timestamp":"2024-10-02T16:48:13.186Z"}
{"level":"info","message":"onRequest - WORKSPACE_URI:file:///c%3A/Users/Alumno_Invitado/Downloads/Nueva%20carpeta/Blocky%20Roads","timestamp":"2024-10-02T16:48:13.197Z"}
{"level":"info","message":"⌛ Building environment","timeElapsed":731,"timestamp":"2024-10-02T16:48:13.932Z"}
{"level":"info","message":"⌛ Building environment","timeElapsed":295,"timestamp":"2024-10-02T16:48:14.238Z"}
{"level":"info","message":"⌛ Building environment","timeElapsed":265,"timestamp":"2024-10-02T16:48:14.507Z"}
{"level":"info","message":"⌛ Building environment","timeElapsed":378,"timestamp":"2024-10-02T16:48:14.917Z"}
{"level":"info","message":"⌛ Building environment","timeElapsed":304,"timestamp":"2024-10-02T16:48:15.232Z"}
{"level":"info","message":"⌛ Building environment","timeElapsed":212,"timestamp":"2024-10-02T16:48:15.452Z"}
{"level":"info","message":"⌛ Building environment","timeElapsed":199,"timestamp":"2024-10-02T16:48:15.656Z"}
{"level":"info","message":"⌛ Building environment","timeElapsed":211,"timestamp":"2024-10-02T16:48:15.871Z"}
{"level":"info","message":"⌛ Building environment","timeElapsed":445,"timestamp":"2024-10-02T16:48:16.319Z"}
{"level":"info","message":"⌛ Building environment","timeElapsed":229,"timestamp":"2024-10-02T16:48:16.568Z"}
{"level":"info","message":"⌛ Building environment","timeElapsed":230,"timestamp":"2024-10-02T16:48:16.800Z"}
{"level":"info","message":"⌛ Building environment","timeElapsed":225,"timestamp":"2024-10-02T16:48:17.027Z"}
{"level":"info","message":"⌛ Building environment","timeElapsed":626,"timestamp":"2024-10-02T16:48:17.725Z"}
{"level":"info","message":"⌛ Validating src/agua.wlk","timeElapsed":324,"timestamp":"2024-10-02T16:48:18.064Z"}
{"level":"info","message":"⌛ Building environment","timeElapsed":613,"timestamp":"2024-10-02T16:48:18.684Z"}
{"level":"info","message":"⌛ Validating src/tronco.wlk","timeElapsed":290,"timestamp":"2024-10-02T16:48:18.998Z"}
{"level":"info","message":"⌛ Validating src/tiempo.wlk","timeElapsed":232,"timestamp":"2024-10-02T16:48:19.230Z"}
{"level":"info","message":"⌛ Validating src/sonidos.wlk","timeElapsed":276,"timestamp":"2024-10-02T16:48:19.513Z"}
{"level":"info","message":"⌛ Validating src/pollo.wlk","timeElapsed":239,"timestamp":"2024-10-02T16:48:19.756Z"}
{"level":"info","message":"⌛ Validating src/pasto.wlk","timeElapsed":267,"timestamp":"2024-10-02T16:48:20.024Z"}
{"level":"info","message":"⌛ Validating src/muro.wlk","timeElapsed":260,"timestamp":"2024-10-02T16:48:20.285Z"}
{"level":"info","message":"⌛ Validating src/meta.wlk","timeElapsed":228,"timestamp":"2024-10-02T16:48:20.514Z"}
{"level":"info","message":"⌛ Validating src/mapa.wlk","timeElapsed":403,"timestamp":"2024-10-02T16:48:20.920Z"}
{"level":"info","message":"⌛ Validating src/juego.wpgm","timeElapsed":377,"timestamp":"2024-10-02T16:48:21.298Z"}
{"level":"info","message":"⌛ Validating src/intro.wlk","timeElapsed":293,"timestamp":"2024-10-02T16:48:21.596Z"}
{"level":"info","message":"⌛ Validating src/calle.wlk","timeElapsed":321,"timestamp":"2024-10-02T16:48:21.923Z"}
{"level":"info","message":"⌛ Validating src/auto.wlk","timeElapsed":282,"timestamp":"2024-10-02T16:48:22.206Z"}
{"level":"info","message":"⌛ Validating src/agua.wlk","timeElapsed":297,"timestamp":"2024-10-02T16:48:22.507Z"}
{"level":"info","message":"⌛ Validating src/tronco.wlk","timeElapsed":193,"timestamp":"2024-10-02T16:48:22.709Z"}
{"level":"info","message":"⌛ Validating src/tiempo.wlk","timeElapsed":215,"timestamp":"2024-10-02T16:48:22.925Z"}
{"level":"info","message":"⌛ Validating src/sonidos.wlk","timeElapsed":189,"timestamp":"2024-10-02T16:48:23.116Z"}
{"level":"info","message":"⌛ Validating src/pollo.wlk","timeElapsed":177,"timestamp":"2024-10-02T16:48:23.300Z"}
{"level":"info","message":"⌛ Validating src/pasto.wlk","timeElapsed":179,"timestamp":"2024-10-02T16:48:23.484Z"}
{"level":"info","message":"⌛ Validating src/muro.wlk","timeElapsed":436,"timestamp":"2024-10-02T16:48:23.922Z"}
{"level":"info","message":"⌛ Validating src/meta.wlk","timeElapsed":186,"timestamp":"2024-10-02T16:48:24.116Z"}
{"level":"info","message":"⌛ Validating src/mapa.wlk","timeElapsed":189,"timestamp":"2024-10-02T16:48:24.310Z"}
{"level":"info","message":"⌛ Validating src/juego.wpgm","timeElapsed":186,"timestamp":"2024-10-02T16:48:24.500Z"}
{"level":"info","message":"⌛ Validating src/intro.wlk","timeElapsed":184,"timestamp":"2024-10-02T16:48:24.690Z"}
{"level":"info","message":"⌛ Validating src/calle.wlk","timeElapsed":181,"timestamp":"2024-10-02T16:48:24.871Z"}
{"level":"info","message":"⌛ Validating src/auto.wlk","timeElapsed":199,"timestamp":"2024-10-02T16:48:25.075Z"}
{"level":"info","message":"⌛ Building environment","timeElapsed":601,"timestamp":"2024-10-02T16:51:46.571Z"}
{"level":"info","message":"⌛ Validating src/juego.wpgm","timeElapsed":408,"timestamp":"2024-10-02T16:51:46.995Z"}
{"level":"info","message":"⌛ Building environment","timeElapsed":650,"timestamp":"2024-10-02T16:52:11.063Z"}
{"level":"info","message":"⌛ Validating src/juego.wpgm","timeElapsed":543,"timestamp":"2024-10-02T16:52:11.689Z"}
{"level":"info","message":"⌛ Building environment","timeElapsed":296,"timestamp":"2024-10-02T16:52:13.379Z"}
{"level":"info","message":"⌛ Validating src/juego.wpgm","timeElapsed":312,"timestamp":"2024-10-02T16:52:13.709Z"}
{"level":"info","message":"⌛ Building environment","timeElapsed":371,"timestamp":"2024-10-02T16:52:51.629Z"}
{"level":"info","message":"⌛ Validating src/intro.wlk","timeElapsed":308,"timestamp":"2024-10-02T16:52:51.955Z"}
{"level":"info","message":"⌛ Building environment","timeElapsed":748,"timestamp":"2024-10-02T16:52:55.640Z"}
{"level":"info","message":"⌛ Validating src/mapa.wlk","timeElapsed":305,"timestamp":"2024-10-02T16:52:56.057Z"}
{"level":"info","message":"⌛ Building environment","timeElapsed":325,"timestamp":"2024-10-02T16:52:58.003Z"}
{"level":"info","message":"⌛ Validating src/meta.wlk","timeElapsed":321,"timestamp":"2024-10-02T16:52:58.384Z"}
{"level":"info","message":"⌛ Building environment","timeElapsed":282,"timestamp":"2024-10-02T16:53:03.860Z"}
{"level":"info","message":"⌛ Validating src/muro.wlk","timeElapsed":318,"timestamp":"2024-10-02T16:53:04.214Z"}
{"level":"info","message":"⌛ Building environment","timeElapsed":375,"timestamp":"2024-10-02T16:55:05.829Z"}
{"level":"info","message":"⌛ Validating src/pollo.wlk","timeElapsed":430,"timestamp":"2024-10-02T16:55:06.356Z"}
{"level":"info","message":"⌛ Building environment","timeElapsed":390,"timestamp":"2024-10-02T16:55:13.446Z"}
{"level":"info","message":"⌛ Validating src/agua.wlk","timeElapsed":391,"timestamp":"2024-10-02T16:55:14.008Z"}
